  SourceVolume.cpp
e:\project\science_project\localcorrelationcoefficient\localcorrelationcoefficient\sourcevolume.cpp(134): warning C4244: “=”: 从“_Ty”转换到“_Ty”，可能丢失数据
          with
          [
              _Ty=hxy::myreal
          ]
          and
          [
              _Ty=unsigned char
          ]
e:\project\science_project\localcorrelationcoefficient\localcorrelationcoefficient\sourcevolume.cpp(164): warning C4244: “=”: 从“_Ty”转换到“_Ty”，可能丢失数据
          with
          [
              _Ty=hxy::myreal
          ]
          and
          [
              _Ty=int
          ]
e:\project\science_project\localcorrelationcoefficient\localcorrelationcoefficient\sourcevolume.cpp(271): warning C4244: “+=”: 从“double”转换到“_Ty”，可能丢失数据
          with
          [
              _Ty=int
          ]
e:\project\science_project\localcorrelationcoefficient\localcorrelationcoefficient\sourcevolume.cpp(285): warning C4267: “return”: 从“size_t”转换到“int”，可能丢失数据
e:\project\science_project\localcorrelationcoefficient\localcorrelationcoefficient\sourcevolume.cpp(396): warning C4244: “参数”: 从“const double”转换到“const unsigned __int64”，可能丢失数据
e:\project\science_project\localcorrelationcoefficient\localcorrelationcoefficient\sourcevolume.cpp(406): warning C4244: “+=”: 从“double”转换到“int”，可能丢失数据
e:\project\science_project\localcorrelationcoefficient\localcorrelationcoefficient\sourcevolume.cpp(418): warning C4267: “=”: 从“size_t”转换到“int”，可能丢失数据
e:\project\science_project\localcorrelationcoefficient\localcorrelationcoefficient\sourcevolume.cpp(430): warning C4267: “=”: 从“size_t”转换到“int”，可能丢失数据
e:\project\science_project\localcorrelationcoefficient\localcorrelationcoefficient\sourcevolume.cpp(24): warning C4244: “初始化”: 从“std::streamoff”转换到“long”，可能丢失数据
  e:\project\science_project\localcorrelationcoefficient\localcorrelationcoefficient\sourcevolume.cpp(98): note: 参见对正在编译的函数 模板 实例化“void loadAndTransVolume<unsigned char>(std::vector<std::string,std::allocator<_Ty>> &,hxy::my_int3 &,std::vector<hxy::myreal,std::allocator<double>> &,std::vector<hxy::myreal,std::allocator<double>> &,std::vector<std::vector<unsigned char,std::allocator<unsigned char>>,std::allocator<std::vector<unsigned char,std::allocator<unsigned char>>>> &,std::vector<std::vector<hxy::myreal,std::allocator<double>>,std::allocator<std::vector<hxy::myreal,std::allocator<double>>>> &)”的引用
          with
          [
              _Ty=std::string
          ]
e:\project\science_project\localcorrelationcoefficient\localcorrelationcoefficient\sourcevolume.cpp(24): warning C4244: “初始化”: 从“std::streamoff”转换到“const long”，可能丢失数据
  源.cpp
  正在生成代码...
  LocalCorrelationCoefficient.vcxproj -> E:\project\science_project\LocalCorrelationCoefficient\x64\Debug\LocalCorrelationCoefficient.exe
